# JRE version: Java(TM) SE Runtime Environment (8.0_111-b14) (build 1.8.0_111-b14)
# Java VM: Java HotSpot(TM) 64-Bit Server VM (25.111-b14 mixed mode windows-amd64 compressed oops)
Heap:
 PSYoungGen      total 38400K, used 6497K [0x00000000d5b00000, 0x00000000d8580000, 0x0000000100000000)
  eden space 33280K, 14% used [0x00000000d5b00000,0x00000000d5f9d6f0,0x00000000d7b80000)
  from space 5120K, 34% used [0x00000000d7b80000,0x00000000d7d3b060,0x00000000d8080000)
  to   space 5120K, 0% used [0x00000000d8080000,0x00000000d8080000,0x00000000d8580000)
 ParOldGen       total 87552K, used 32K [0x0000000081000000, 0x0000000086580000, 0x00000000d5b00000)
  object space 87552K, 0% used [0x0000000081000000,0x0000000081008000,0x0000000086580000)
 Metaspace       used 6381K, capacity 6512K, committed 6784K, reserved 1056768K
  class space    used 726K, capacity 784K, committed 896K, reserved 1048576K
GC Heap History (6 events):
Event: 15.261 GC heap before
{Heap before GC invocations=1 (full 0):
 PSYoungGen      total 38400K, used 33280K [0x00000000d5b00000, 0x00000000d8580000, 0x0000000100000000)
  eden space 33280K, 100% used [0x00000000d5b00000,0x00000000d7b80000,0x00000000d7b80000)
  from space 5120K, 0% used [0x00000000d8080000,0x00000000d8080000,0x00000000d8580000)
  to   space 5120K, 0% used [0x00000000d7b80000,0x00000000d7b80000,0x00000000d8080000)
 ParOldGen       total 87552K, used 0K [0x0000000081000000, 0x0000000086580000, 0x00000000d5b00000)
  object space 87552K, 0% used [0x0000000081000000,0x0000000081000000,0x0000000086580000)
 Metaspace       used 6346K, capacity 6448K, committed 6784K, reserved 1056768K
  class space    used 726K, capacity 784K, committed 896K, reserved 1048576K
Event: 15.264 GC heap after
Heap after GC invocations=1 (full 0):
 PSYoungGen      total 38400K, used 2747K [0x00000000d5b00000, 0x00000000d8580000, 0x0000000100000000)
  eden space 33280K, 0% used [0x00000000d5b00000,0x00000000d5b00000,0x00000000d7b80000)
  from space 5120K, 53% used [0x00000000d7b80000,0x00000000d7e2eeb8,0x00000000d8080000)
  to   space 5120K, 0% used [0x00000000d8080000,0x00000000d8080000,0x00000000d8580000)
 ParOldGen       total 87552K, used 16K [0x0000000081000000, 0x0000000086580000, 0x00000000d5b00000)
  object space 87552K, 0% used [0x0000000081000000,0x0000000081004000,0x0000000086580000)
 Metaspace       used 6346K, capacity 6448K, committed 6784K, reserved 1056768K
  class space    used 726K, capacity 784K, committed 896K, reserved 1048576K
}
Event: 20.347 GC heap before
{Heap before GC invocations=2 (full 0):
 PSYoungGen      total 38400K, used 36027K [0x00000000d5b00000, 0x00000000d8580000, 0x0000000100000000)
  eden space 33280K, 100% used [0x00000000d5b00000,0x00000000d7b80000,0x00000000d7b80000)
  from space 5120K, 53% used [0x00000000d7b80000,0x00000000d7e2eeb8,0x00000000d8080000)
  to   space 5120K, 0% used [0x00000000d8080000,0x00000000d8080000,0x00000000d8580000)
 ParOldGen       total 87552K, used 16K [0x0000000081000000, 0x0000000086580000, 0x00000000d5b00000)
  object space 87552K, 0% used [0x0000000081000000,0x0000000081004000,0x0000000086580000)
 Metaspace       used 6377K, capacity 6512K, committed 6784K, reserved 1056768K
  class space    used 726K, capacity 784K, committed 896K, reserved 1048576K
Event: 20.350 GC heap after
Heap after GC invocations=2 (full 0):
 PSYoungGen      total 38400K, used 1772K [0x00000000d5b00000, 0x00000000d8580000, 0x0000000100000000)
  eden space 33280K, 0% used [0x00000000d5b00000,0x00000000d5b00000,0x00000000d7b80000)
  from space 5120K, 34% used [0x00000000d8080000,0x00000000d823b040,0x00000000d8580000)
  to   space 5120K, 0% used [0x00000000d7b80000,0x00000000d7b80000,0x00000000d8080000)
 ParOldGen       total 87552K, used 24K [0x0000000081000000, 0x0000000086580000, 0x00000000d5b00000)
  object space 87552K, 0% used [0x0000000081000000,0x0000000081006000,0x0000000086580000)
 Metaspace       used 6377K, capacity 6512K, committed 6784K, reserved 1056768K
  class space    used 726K, capacity 784K, committed 896K, reserved 1048576K
}
Event: 26.922 GC heap before
{Heap before GC invocations=3 (full 0):
 PSYoungGen      total 38400K, used 35052K [0x00000000d5b00000, 0x00000000d8580000, 0x0000000100000000)
  eden space 33280K, 100% used [0x00000000d5b00000,0x00000000d7b80000,0x00000000d7b80000)
  from space 5120K, 34% used [0x00000000d8080000,0x00000000d823b040,0x00000000d8580000)
  to   space 5120K, 0% used [0x00000000d7b80000,0x00000000d7b80000,0x00000000d8080000)
 ParOldGen       total 87552K, used 24K [0x0000000081000000, 0x0000000086580000, 0x00000000d5b00000)
  object space 87552K, 0% used [0x0000000081000000,0x0000000081006000,0x0000000086580000)
 Metaspace       used 6381K, capacity 6512K, committed 6784K, reserved 1056768K
  class space    used 726K, capacity 784K, committed 896K, reserved 1048576K
Event: 26.924 GC heap after
Heap after GC invocations=3 (full 0):
 PSYoungGen      total 38400K, used 1772K [0x00000000d5b00000, 0x00000000d8580000, 0x0000000100000000)
  eden space 33280K, 0% used [0x00000000d5b00000,0x00000000d5b00000,0x00000000d7b80000)
  from space 5120K, 34% used [0x00000000d7b80000,0x00000000d7d3b060,0x00000000d8080000)
  to   space 5120K, 0% used [0x00000000d8080000,0x00000000d8080000,0x00000000d8580000)
 ParOldGen       total 87552K, used 32K [0x0000000081000000, 0x0000000086580000, 0x00000000d5b00000)
  object space 87552K, 0% used [0x0000000081000000,0x0000000081008000,0x0000000086580000)
 Metaspace       used 6381K, capacity 6512K, committed 6784K, reserved 1056768K
  class space    used 726K, capacity 784K, committed 896K, reserved 1048576K
}

