# JRE version: Java(TM) SE Runtime Environment (8.0_111-b14) (build 1.8.0_111-b14)
# Java VM: Java HotSpot(TM) 64-Bit Server VM (25.111-b14 mixed mode windows-amd64 compressed oops)
Heap:
 PSYoungGen      total 33280K, used 7895K [0x00000000d5b00000, 0x00000000d7f80000, 0x0000000100000000)
  eden space 30208K, 25% used [0x00000000d5b00000,0x00000000d627dd98,0x00000000d7880000)
  from space 3072K, 7% used [0x00000000d7c80000,0x00000000d7cb8000,0x00000000d7f80000)
  to   space 3584K, 0% used [0x00000000d7880000,0x00000000d7880000,0x00000000d7c00000)
 ParOldGen       total 87552K, used 1916K [0x0000000081000000, 0x0000000086580000, 0x00000000d5b00000)
  object space 87552K, 2% used [0x0000000081000000,0x00000000811df120,0x0000000086580000)
 Metaspace       used 6523K, capacity 6640K, committed 6784K, reserved 1056768K
  class space    used 748K, capacity 784K, committed 896K, reserved 1048576K
GC Heap History (10 events):
Event: 33.163 GC heap before
{Heap before GC invocations=6 (full 0):
 PSYoungGen      total 34816K, used 34764K [0x00000000d5b00000, 0x00000000d8100000, 0x0000000100000000)
  eden space 32768K, 100% used [0x00000000d5b00000,0x00000000d7b00000,0x00000000d7b00000)
  from space 2048K, 97% used [0x00000000d7b80000,0x00000000d7d73060,0x00000000d7d80000)
  to   space 3072K, 0% used [0x00000000d7e00000,0x00000000d7e00000,0x00000000d8100000)
 ParOldGen       total 87552K, used 48K [0x0000000081000000, 0x0000000086580000, 0x00000000d5b00000)
  object space 87552K, 0% used [0x0000000081000000,0x000000008100c000,0x0000000086580000)
 Metaspace       used 6508K, capacity 6640K, committed 6784K, reserved 1056768K
  class space    used 746K, capacity 784K, committed 896K, reserved 1048576K
Event: 33.165 GC heap after
Heap after GC invocations=6 (full 0):
 PSYoungGen      total 34816K, used 1996K [0x00000000d5b00000, 0x00000000d8080000, 0x0000000100000000)
  eden space 32256K, 0% used [0x00000000d5b00000,0x00000000d5b00000,0x00000000d7a80000)
  from space 2560K, 77% used [0x00000000d7e00000,0x00000000d7ff3060,0x00000000d8080000)
  to   space 3072K, 0% used [0x00000000d7a80000,0x00000000d7a80000,0x00000000d7d80000)
 ParOldGen       total 87552K, used 56K [0x0000000081000000, 0x0000000086580000, 0x00000000d5b00000)
  object space 87552K, 0% used [0x0000000081000000,0x000000008100e000,0x0000000086580000)
 Metaspace       used 6508K, capacity 6640K, committed 6784K, reserved 1056768K
  class space    used 746K, capacity 784K, committed 896K, reserved 1048576K
}
Event: 36.658 GC heap before
{Heap before GC invocations=7 (full 0):
 PSYoungGen      total 34816K, used 34252K [0x00000000d5b00000, 0x00000000d8080000, 0x0000000100000000)
  eden space 32256K, 100% used [0x00000000d5b00000,0x00000000d7a80000,0x00000000d7a80000)
  from space 2560K, 77% used [0x00000000d7e00000,0x00000000d7ff3060,0x00000000d8080000)
  to   space 3072K, 0% used [0x00000000d7a80000,0x00000000d7a80000,0x00000000d7d80000)
 ParOldGen       total 87552K, used 56K [0x0000000081000000, 0x0000000086580000, 0x00000000d5b00000)
  object space 87552K, 0% used [0x0000000081000000,0x000000008100e000,0x0000000086580000)
 Metaspace       used 6517K, capacity 6640K, committed 6784K, reserved 1056768K
  class space    used 748K, capacity 784K, committed 896K, reserved 1048576K
Event: 36.660 GC heap after
Heap after GC invocations=7 (full 0):
 PSYoungGen      total 34816K, used 320K [0x00000000d5b00000, 0x00000000d8100000, 0x0000000100000000)
  eden space 31744K, 0% used [0x00000000d5b00000,0x00000000d5b00000,0x00000000d7a00000)
  from space 3072K, 10% used [0x00000000d7a80000,0x00000000d7ad0000,0x00000000d7d80000)
  to   space 3584K, 0% used [0x00000000d7d80000,0x00000000d7d80000,0x00000000d8100000)
 ParOldGen       total 87552K, used 1860K [0x0000000081000000, 0x0000000086580000, 0x00000000d5b00000)
  object space 87552K, 2% used [0x0000000081000000,0x00000000811d1120,0x0000000086580000)
 Metaspace       used 6517K, capacity 6640K, committed 6784K, reserved 1056768K
  class space    used 748K, capacity 784K, committed 896K, reserved 1048576K
}
Event: 40.075 GC heap before
{Heap before GC invocations=8 (full 0):
 PSYoungGen      total 34816K, used 32064K [0x00000000d5b00000, 0x00000000d8100000, 0x0000000100000000)
  eden space 31744K, 100% used [0x00000000d5b00000,0x00000000d7a00000,0x00000000d7a00000)
  from space 3072K, 10% used [0x00000000d7a80000,0x00000000d7ad0000,0x00000000d7d80000)
  to   space 3584K, 0% used [0x00000000d7d80000,0x00000000d7d80000,0x00000000d8100000)
 ParOldGen       total 87552K, used 1860K [0x0000000081000000, 0x0000000086580000, 0x00000000d5b00000)
  object space 87552K, 2% used [0x0000000081000000,0x00000000811d1120,0x0000000086580000)
 Metaspace       used 6521K, capacity 6640K, committed 6784K, reserved 1056768K
  class space    used 748K, capacity 784K, committed 896K, reserved 1048576K
Event: 40.075 GC heap after
Heap after GC invocations=8 (full 0):
 PSYoungGen      total 34304K, used 224K [0x00000000d5b00000, 0x00000000d8080000, 0x0000000100000000)
  eden space 31232K, 0% used [0x00000000d5b00000,0x00000000d5b00000,0x00000000d7980000)
  from space 3072K, 7% used [0x00000000d7d80000,0x00000000d7db8000,0x00000000d8080000)
  to   space 3584K, 0% used [0x00000000d7980000,0x00000000d7980000,0x00000000d7d00000)
 ParOldGen       total 87552K, used 1876K [0x0000000081000000, 0x0000000086580000, 0x00000000d5b00000)
  object space 87552K, 2% used [0x0000000081000000,0x00000000811d5120,0x0000000086580000)
 Metaspace       used 6521K, capacity 6640K, committed 6784K, reserved 1056768K
  class space    used 748K, capacity 784K, committed 896K, reserved 1048576K
}
Event: 43.435 GC heap before
{Heap before GC invocations=9 (full 0):
 PSYoungGen      total 34304K, used 31456K [0x00000000d5b00000, 0x00000000d8080000, 0x0000000100000000)
  eden space 31232K, 100% used [0x00000000d5b00000,0x00000000d7980000,0x00000000d7980000)
  from space 3072K, 7% used [0x00000000d7d80000,0x00000000d7db8000,0x00000000d8080000)
  to   space 3584K, 0% used [0x00000000d7980000,0x00000000d7980000,0x00000000d7d00000)
 ParOldGen       total 87552K, used 1876K [0x0000000081000000, 0x0000000086580000, 0x00000000d5b00000)
  object space 87552K, 2% used [0x0000000081000000,0x00000000811d5120,0x0000000086580000)
 Metaspace       used 6523K, capacity 6640K, committed 6784K, reserved 1056768K
  class space    used 748K, capacity 784K, committed 896K, reserved 1048576K
Event: 43.435 GC heap after
Heap after GC invocations=9 (full 0):
 PSYoungGen      total 31232K, used 224K [0x00000000d5b00000, 0x00000000d8000000, 0x0000000100000000)
  eden space 30720K, 0% used [0x00000000d5b00000,0x00000000d5b00000,0x00000000d7900000)
  from space 512K, 43% used [0x00000000d7980000,0x00000000d79b8000,0x00000000d7a00000)
  to   space 3584K, 0% used [0x00000000d7c80000,0x00000000d7c80000,0x00000000d8000000)
 ParOldGen       total 87552K, used 1892K [0x0000000081000000, 0x0000000086580000, 0x00000000d5b00000)
  object space 87552K, 2% used [0x0000000081000000,0x00000000811d9120,0x0000000086580000)
 Metaspace       used 6523K, capacity 6640K, committed 6784K, reserved 1056768K
  class space    used 748K, capacity 784K, committed 896K, reserved 1048576K
}
Event: 47.674 GC heap before
{Heap before GC invocations=10 (full 0):
 PSYoungGen      total 31232K, used 30944K [0x00000000d5b00000, 0x00000000d8000000, 0x0000000100000000)
  eden space 30720K, 100% used [0x00000000d5b00000,0x00000000d7900000,0x00000000d7900000)
  from space 512K, 43% used [0x00000000d7980000,0x00000000d79b8000,0x00000000d7a00000)
  to   space 3584K, 0% used [0x00000000d7c80000,0x00000000d7c80000,0x00000000d8000000)
 ParOldGen       total 87552K, used 1892K [0x0000000081000000, 0x0000000086580000, 0x00000000d5b00000)
  object space 87552K, 2% used [0x0000000081000000,0x00000000811d9120,0x0000000086580000)
 Metaspace       used 6523K, capacity 6640K, committed 6784K, reserved 1056768K
  class space    used 748K, capacity 784K, committed 896K, reserved 1048576K
Event: 47.676 GC heap after
Heap after GC invocations=10 (full 0):
 PSYoungGen      total 33280K, used 224K [0x00000000d5b00000, 0x00000000d7f80000, 0x0000000100000000)
  eden space 30208K, 0% used [0x00000000d5b00000,0x00000000d5b00000,0x00000000d7880000)
  from space 3072K, 7% used [0x00000000d7c80000,0x00000000d7cb8000,0x00000000d7f80000)
  to   space 3584K, 0% used [0x00000000d7880000,0x00000000d7880000,0x00000000d7c00000)
 ParOldGen       total 87552K, used 1916K [0x0000000081000000, 0x0000000086580000, 0x00000000d5b00000)
  object space 87552K, 2% used [0x0000000081000000,0x00000000811df120,0x0000000086580000)
 Metaspace       used 6523K, capacity 6640K, committed 6784K, reserved 1056768K
  class space    used 748K, capacity 784K, committed 896K, reserved 1048576K
}

