# JRE version: Java(TM) SE Runtime Environment (8.0_111-b14) (build 1.8.0_111-b14)
# Java VM: Java HotSpot(TM) 64-Bit Server VM (25.111-b14 mixed mode windows-amd64 compressed oops)
Heap:
 PSYoungGen      total 34816K, used 31136K [0x00000000d5b00000, 0x00000000d8080000, 0x0000000100000000)
  eden space 32256K, 90% used [0x00000000d5b00000,0x00000000d7775048,0x00000000d7a80000)
  from space 2560K, 77% used [0x00000000d7e00000,0x00000000d7ff3060,0x00000000d8080000)
  to   space 3072K, 0% used [0x00000000d7a80000,0x00000000d7a80000,0x00000000d7d80000)
 ParOldGen       total 87552K, used 48K [0x0000000081000000, 0x0000000086580000, 0x00000000d5b00000)
  object space 87552K, 0% used [0x0000000081000000,0x000000008100c000,0x0000000086580000)
 Metaspace       used 6460K, capacity 6576K, committed 6784K, reserved 1056768K
  class space    used 740K, capacity 784K, committed 896K, reserved 1048576K
GC Heap History (10 events):
Event: 18.324 GC heap before
{Heap before GC invocations=2 (full 0):
 PSYoungGen      total 38400K, used 36186K [0x00000000d5b00000, 0x00000000d8580000, 0x0000000100000000)
  eden space 33280K, 100% used [0x00000000d5b00000,0x00000000d7b80000,0x00000000d7b80000)
  from space 5120K, 56% used [0x00000000d7b80000,0x00000000d7e56bc8,0x00000000d8080000)
  to   space 5120K, 0% used [0x00000000d8080000,0x00000000d8080000,0x00000000d8580000)
 ParOldGen       total 87552K, used 8K [0x0000000081000000, 0x0000000086580000, 0x00000000d5b00000)
  object space 87552K, 0% used [0x0000000081000000,0x0000000081002000,0x0000000086580000)
 Metaspace       used 6453K, capacity 6576K, committed 6784K, reserved 1056768K
  class space    used 740K, capacity 784K, committed 896K, reserved 1048576K
Event: 18.327 GC heap after
Heap after GC invocations=2 (full 0):
 PSYoungGen      total 38400K, used 1980K [0x00000000d5b00000, 0x00000000d8580000, 0x0000000100000000)
  eden space 33280K, 0% used [0x00000000d5b00000,0x00000000d5b00000,0x00000000d7b80000)
  from space 5120K, 38% used [0x00000000d8080000,0x00000000d826f050,0x00000000d8580000)
  to   space 5120K, 0% used [0x00000000d7b80000,0x00000000d7b80000,0x00000000d8080000)
 ParOldGen       total 87552K, used 16K [0x0000000081000000, 0x0000000086580000, 0x00000000d5b00000)
  object space 87552K, 0% used [0x0000000081000000,0x0000000081004000,0x0000000086580000)
 Metaspace       used 6453K, capacity 6576K, committed 6784K, reserved 1056768K
  class space    used 740K, capacity 784K, committed 896K, reserved 1048576K
}
Event: 22.072 GC heap before
{Heap before GC invocations=3 (full 0):
 PSYoungGen      total 38400K, used 35260K [0x00000000d5b00000, 0x00000000d8580000, 0x0000000100000000)
  eden space 33280K, 100% used [0x00000000d5b00000,0x00000000d7b80000,0x00000000d7b80000)
  from space 5120K, 38% used [0x00000000d8080000,0x00000000d826f050,0x00000000d8580000)
  to   space 5120K, 0% used [0x00000000d7b80000,0x00000000d7b80000,0x00000000d8080000)
 ParOldGen       total 87552K, used 16K [0x0000000081000000, 0x0000000086580000, 0x00000000d5b00000)
  object space 87552K, 0% used [0x0000000081000000,0x0000000081004000,0x0000000086580000)
 Metaspace       used 6455K, capacity 6576K, committed 6784K, reserved 1056768K
  class space    used 740K, capacity 784K, committed 896K, reserved 1048576K
Event: 22.076 GC heap after
Heap after GC invocations=3 (full 0):
 PSYoungGen      total 38400K, used 1980K [0x00000000d5b00000, 0x00000000d8580000, 0x0000000100000000)
  eden space 33280K, 0% used [0x00000000d5b00000,0x00000000d5b00000,0x00000000d7b80000)
  from space 5120K, 38% used [0x00000000d7b80000,0x00000000d7d6f050,0x00000000d8080000)
  to   space 5120K, 0% used [0x00000000d8080000,0x00000000d8080000,0x00000000d8580000)
 ParOldGen       total 87552K, used 24K [0x0000000081000000, 0x0000000086580000, 0x00000000d5b00000)
  object space 87552K, 0% used [0x0000000081000000,0x0000000081006000,0x0000000086580000)
 Metaspace       used 6455K, capacity 6576K, committed 6784K, reserved 1056768K
  class space    used 740K, capacity 784K, committed 896K, reserved 1048576K
}
Event: 25.846 GC heap before
{Heap before GC invocations=4 (full 0):
 PSYoungGen      total 38400K, used 35260K [0x00000000d5b00000, 0x00000000d8580000, 0x0000000100000000)
  eden space 33280K, 100% used [0x00000000d5b00000,0x00000000d7b80000,0x00000000d7b80000)
  from space 5120K, 38% used [0x00000000d7b80000,0x00000000d7d6f050,0x00000000d8080000)
  to   space 5120K, 0% used [0x00000000d8080000,0x00000000d8080000,0x00000000d8580000)
 ParOldGen       total 87552K, used 24K [0x0000000081000000, 0x0000000086580000, 0x00000000d5b00000)
  object space 87552K, 0% used [0x0000000081000000,0x0000000081006000,0x0000000086580000)
 Metaspace       used 6456K, capacity 6576K, committed 6784K, reserved 1056768K
  class space    used 740K, capacity 784K, committed 896K, reserved 1048576K
Event: 25.849 GC heap after
Heap after GC invocations=4 (full 0):
 PSYoungGen      total 38400K, used 1932K [0x00000000d5b00000, 0x00000000d8580000, 0x0000000100000000)
  eden space 33280K, 0% used [0x00000000d5b00000,0x00000000d5b00000,0x00000000d7b80000)
  from space 5120K, 37% used [0x00000000d8080000,0x00000000d8263040,0x00000000d8580000)
  to   space 5120K, 0% used [0x00000000d7b80000,0x00000000d7b80000,0x00000000d8080000)
 ParOldGen       total 87552K, used 32K [0x0000000081000000, 0x0000000086580000, 0x00000000d5b00000)
  object space 87552K, 0% used [0x0000000081000000,0x0000000081008000,0x0000000086580000)
 Metaspace       used 6456K, capacity 6576K, committed 6784K, reserved 1056768K
  class space    used 740K, capacity 784K, committed 896K, reserved 1048576K
}
Event: 29.647 GC heap before
{Heap before GC invocations=5 (full 0):
 PSYoungGen      total 38400K, used 35212K [0x00000000d5b00000, 0x00000000d8580000, 0x0000000100000000)
  eden space 33280K, 100% used [0x00000000d5b00000,0x00000000d7b80000,0x00000000d7b80000)
  from space 5120K, 37% used [0x00000000d8080000,0x00000000d8263040,0x00000000d8580000)
  to   space 5120K, 0% used [0x00000000d7b80000,0x00000000d7b80000,0x00000000d8080000)
 ParOldGen       total 87552K, used 32K [0x0000000081000000, 0x0000000086580000, 0x00000000d5b00000)
  object space 87552K, 0% used [0x0000000081000000,0x0000000081008000,0x0000000086580000)
 Metaspace       used 6457K, capacity 6576K, committed 6784K, reserved 1056768K
  class space    used 740K, capacity 784K, committed 896K, reserved 1048576K
Event: 29.650 GC heap after
Heap after GC invocations=5 (full 0):
 PSYoungGen      total 34816K, used 1964K [0x00000000d5b00000, 0x00000000d8100000, 0x0000000100000000)
  eden space 32768K, 0% used [0x00000000d5b00000,0x00000000d5b00000,0x00000000d7b00000)
  from space 2048K, 95% used [0x00000000d7b80000,0x00000000d7d6b060,0x00000000d7d80000)
  to   space 3072K, 0% used [0x00000000d7e00000,0x00000000d7e00000,0x00000000d8100000)
 ParOldGen       total 87552K, used 40K [0x0000000081000000, 0x0000000086580000, 0x00000000d5b00000)
  object space 87552K, 0% used [0x0000000081000000,0x000000008100a000,0x0000000086580000)
 Metaspace       used 6457K, capacity 6576K, committed 6784K, reserved 1056768K
  class space    used 740K, capacity 784K, committed 896K, reserved 1048576K
}
Event: 33.355 GC heap before
{Heap before GC invocations=6 (full 0):
 PSYoungGen      total 34816K, used 34732K [0x00000000d5b00000, 0x00000000d8100000, 0x0000000100000000)
  eden space 32768K, 100% used [0x00000000d5b00000,0x00000000d7b00000,0x00000000d7b00000)
  from space 2048K, 95% used [0x00000000d7b80000,0x00000000d7d6b060,0x00000000d7d80000)
  to   space 3072K, 0% used [0x00000000d7e00000,0x00000000d7e00000,0x00000000d8100000)
 ParOldGen       total 87552K, used 40K [0x0000000081000000, 0x0000000086580000, 0x00000000d5b00000)
  object space 87552K, 0% used [0x0000000081000000,0x000000008100a000,0x0000000086580000)
 Metaspace       used 6457K, capacity 6576K, committed 6784K, reserved 1056768K
  class space    used 740K, capacity 784K, committed 896K, reserved 1048576K
Event: 33.358 GC heap after
Heap after GC invocations=6 (full 0):
 PSYoungGen      total 34816K, used 1996K [0x00000000d5b00000, 0x00000000d8080000, 0x0000000100000000)
  eden space 32256K, 0% used [0x00000000d5b00000,0x00000000d5b00000,0x00000000d7a80000)
  from space 2560K, 77% used [0x00000000d7e00000,0x00000000d7ff3060,0x00000000d8080000)
  to   space 3072K, 0% used [0x00000000d7a80000,0x00000000d7a80000,0x00000000d7d80000)
 ParOldGen       total 87552K, used 48K [0x0000000081000000, 0x0000000086580000, 0x00000000d5b00000)
  object space 87552K, 0% used [0x0000000081000000,0x000000008100c000,0x0000000086580000)
 Metaspace       used 6457K, capacity 6576K, committed 6784K, reserved 1056768K
  class space    used 740K, capacity 784K, committed 896K, reserved 1048576K
}

