# JRE version: Java(TM) SE Runtime Environment (8.0_111-b14) (build 1.8.0_111-b14)
# Java VM: Java HotSpot(TM) 64-Bit Server VM (25.111-b14 mixed mode windows-amd64 compressed oops)
Heap:
 PSYoungGen      total 34816K, used 13708K [0x00000000d5b00000, 0x00000000d8080000, 0x0000000100000000)
  eden space 32256K, 36% used [0x00000000d5b00000,0x00000000d66702d0,0x00000000d7a80000)
  from space 2560K, 77% used [0x00000000d7e00000,0x00000000d7ff3040,0x00000000d8080000)
  to   space 3072K, 0% used [0x00000000d7a80000,0x00000000d7a80000,0x00000000d7d80000)
 ParOldGen       total 87552K, used 32K [0x0000000081000000, 0x0000000086580000, 0x00000000d5b00000)
  object space 87552K, 0% used [0x0000000081000000,0x0000000081008000,0x0000000086580000)
 Metaspace       used 6488K, capacity 6576K, committed 6784K, reserved 1056768K
  class space    used 742K, capacity 784K, committed 896K, reserved 1048576K
GC Heap History (10 events):
Event: 18.318 GC heap before
{Heap before GC invocations=2 (full 0):
 PSYoungGen      total 38400K, used 36202K [0x00000000d5b00000, 0x00000000d8580000, 0x0000000100000000)
  eden space 33280K, 100% used [0x00000000d5b00000,0x00000000d7b80000,0x00000000d7b80000)
  from space 5120K, 57% used [0x00000000d7b80000,0x00000000d7e5abd8,0x00000000d8080000)
  to   space 5120K, 0% used [0x00000000d8080000,0x00000000d8080000,0x00000000d8580000)
 ParOldGen       total 87552K, used 8K [0x0000000081000000, 0x0000000086580000, 0x00000000d5b00000)
  object space 87552K, 0% used [0x0000000081000000,0x0000000081002000,0x0000000086580000)
 Metaspace       used 6482K, capacity 6576K, committed 6784K, reserved 1056768K
  class space    used 741K, capacity 784K, committed 896K, reserved 1048576K
Event: 18.321 GC heap after
Heap after GC invocations=2 (full 0):
 PSYoungGen      total 38400K, used 1964K [0x00000000d5b00000, 0x00000000d8580000, 0x0000000100000000)
  eden space 33280K, 0% used [0x00000000d5b00000,0x00000000d5b00000,0x00000000d7b80000)
  from space 5120K, 38% used [0x00000000d8080000,0x00000000d826b040,0x00000000d8580000)
  to   space 5120K, 0% used [0x00000000d7b80000,0x00000000d7b80000,0x00000000d8080000)
 ParOldGen       total 87552K, used 16K [0x0000000081000000, 0x0000000086580000, 0x00000000d5b00000)
  object space 87552K, 0% used [0x0000000081000000,0x0000000081004000,0x0000000086580000)
 Metaspace       used 6482K, capacity 6576K, committed 6784K, reserved 1056768K
  class space    used 741K, capacity 784K, committed 896K, reserved 1048576K
}
Event: 22.049 GC heap before
{Heap before GC invocations=3 (full 0):
 PSYoungGen      total 38400K, used 35244K [0x00000000d5b00000, 0x00000000d8580000, 0x0000000100000000)
  eden space 33280K, 100% used [0x00000000d5b00000,0x00000000d7b80000,0x00000000d7b80000)
  from space 5120K, 38% used [0x00000000d8080000,0x00000000d826b040,0x00000000d8580000)
  to   space 5120K, 0% used [0x00000000d7b80000,0x00000000d7b80000,0x00000000d8080000)
 ParOldGen       total 87552K, used 16K [0x0000000081000000, 0x0000000086580000, 0x00000000d5b00000)
  object space 87552K, 0% used [0x0000000081000000,0x0000000081004000,0x0000000086580000)
 Metaspace       used 6483K, capacity 6576K, committed 6784K, reserved 1056768K
  class space    used 741K, capacity 784K, committed 896K, reserved 1048576K
Event: 22.051 GC heap after
Heap after GC invocations=3 (full 0):
 PSYoungGen      total 38400K, used 1980K [0x00000000d5b00000, 0x00000000d8580000, 0x0000000100000000)
  eden space 33280K, 0% used [0x00000000d5b00000,0x00000000d5b00000,0x00000000d7b80000)
  from space 5120K, 38% used [0x00000000d7b80000,0x00000000d7d6f050,0x00000000d8080000)
  to   space 5120K, 0% used [0x00000000d8080000,0x00000000d8080000,0x00000000d8580000)
 ParOldGen       total 87552K, used 24K [0x0000000081000000, 0x0000000086580000, 0x00000000d5b00000)
  object space 87552K, 0% used [0x0000000081000000,0x0000000081006000,0x0000000086580000)
 Metaspace       used 6483K, capacity 6576K, committed 6784K, reserved 1056768K
  class space    used 741K, capacity 784K, committed 896K, reserved 1048576K
}
Event: 25.782 GC heap before
{Heap before GC invocations=4 (full 0):
 PSYoungGen      total 38400K, used 35260K [0x00000000d5b00000, 0x00000000d8580000, 0x0000000100000000)
  eden space 33280K, 100% used [0x00000000d5b00000,0x00000000d7b80000,0x00000000d7b80000)
  from space 5120K, 38% used [0x00000000d7b80000,0x00000000d7d6f050,0x00000000d8080000)
  to   space 5120K, 0% used [0x00000000d8080000,0x00000000d8080000,0x00000000d8580000)
 ParOldGen       total 87552K, used 24K [0x0000000081000000, 0x0000000086580000, 0x00000000d5b00000)
  object space 87552K, 0% used [0x0000000081000000,0x0000000081006000,0x0000000086580000)
 Metaspace       used 6484K, capacity 6576K, committed 6784K, reserved 1056768K
  class space    used 741K, capacity 784K, committed 896K, reserved 1048576K
Event: 25.785 GC heap after
Heap after GC invocations=4 (full 0):
 PSYoungGen      total 38400K, used 1980K [0x00000000d5b00000, 0x00000000d8580000, 0x0000000100000000)
  eden space 33280K, 0% used [0x00000000d5b00000,0x00000000d5b00000,0x00000000d7b80000)
  from space 5120K, 38% used [0x00000000d8080000,0x00000000d826f050,0x00000000d8580000)
  to   space 5120K, 0% used [0x00000000d7b80000,0x00000000d7b80000,0x00000000d8080000)
 ParOldGen       total 87552K, used 24K [0x0000000081000000, 0x0000000086580000, 0x00000000d5b00000)
  object space 87552K, 0% used [0x0000000081000000,0x0000000081006000,0x0000000086580000)
 Metaspace       used 6484K, capacity 6576K, committed 6784K, reserved 1056768K
  class space    used 741K, capacity 784K, committed 896K, reserved 1048576K
}
Event: 29.636 GC heap before
{Heap before GC invocations=5 (full 0):
 PSYoungGen      total 38400K, used 35260K [0x00000000d5b00000, 0x00000000d8580000, 0x0000000100000000)
  eden space 33280K, 100% used [0x00000000d5b00000,0x00000000d7b80000,0x00000000d7b80000)
  from space 5120K, 38% used [0x00000000d8080000,0x00000000d826f050,0x00000000d8580000)
  to   space 5120K, 0% used [0x00000000d7b80000,0x00000000d7b80000,0x00000000d8080000)
 ParOldGen       total 87552K, used 24K [0x0000000081000000, 0x0000000086580000, 0x00000000d5b00000)
  object space 87552K, 0% used [0x0000000081000000,0x0000000081006000,0x0000000086580000)
 Metaspace       used 6485K, capacity 6576K, committed 6784K, reserved 1056768K
  class space    used 741K, capacity 784K, committed 896K, reserved 1048576K
Event: 29.639 GC heap after
Heap after GC invocations=5 (full 0):
 PSYoungGen      total 34816K, used 1948K [0x00000000d5b00000, 0x00000000d8100000, 0x0000000100000000)
  eden space 32768K, 0% used [0x00000000d5b00000,0x00000000d5b00000,0x00000000d7b00000)
  from space 2048K, 95% used [0x00000000d7b80000,0x00000000d7d67050,0x00000000d7d80000)
  to   space 3072K, 0% used [0x00000000d7e00000,0x00000000d7e00000,0x00000000d8100000)
 ParOldGen       total 87552K, used 32K [0x0000000081000000, 0x0000000086580000, 0x00000000d5b00000)
  object space 87552K, 0% used [0x0000000081000000,0x0000000081008000,0x0000000086580000)
 Metaspace       used 6485K, capacity 6576K, committed 6784K, reserved 1056768K
  class space    used 741K, capacity 784K, committed 896K, reserved 1048576K
}
Event: 34.006 GC heap before
{Heap before GC invocations=6 (full 0):
 PSYoungGen      total 34816K, used 34716K [0x00000000d5b00000, 0x00000000d8100000, 0x0000000100000000)
  eden space 32768K, 100% used [0x00000000d5b00000,0x00000000d7b00000,0x00000000d7b00000)
  from space 2048K, 95% used [0x00000000d7b80000,0x00000000d7d67050,0x00000000d7d80000)
  to   space 3072K, 0% used [0x00000000d7e00000,0x00000000d7e00000,0x00000000d8100000)
 ParOldGen       total 87552K, used 32K [0x0000000081000000, 0x0000000086580000, 0x00000000d5b00000)
  object space 87552K, 0% used [0x0000000081000000,0x0000000081008000,0x0000000086580000)
 Metaspace       used 6488K, capacity 6576K, committed 6784K, reserved 1056768K
  class space    used 742K, capacity 784K, committed 896K, reserved 1048576K
Event: 34.011 GC heap after
Heap after GC invocations=6 (full 0):
 PSYoungGen      total 34816K, used 1996K [0x00000000d5b00000, 0x00000000d8080000, 0x0000000100000000)
  eden space 32256K, 0% used [0x00000000d5b00000,0x00000000d5b00000,0x00000000d7a80000)
  from space 2560K, 77% used [0x00000000d7e00000,0x00000000d7ff3040,0x00000000d8080000)
  to   space 3072K, 0% used [0x00000000d7a80000,0x00000000d7a80000,0x00000000d7d80000)
 ParOldGen       total 87552K, used 32K [0x0000000081000000, 0x0000000086580000, 0x00000000d5b00000)
  object space 87552K, 0% used [0x0000000081000000,0x0000000081008000,0x0000000086580000)
 Metaspace       used 6488K, capacity 6576K, committed 6784K, reserved 1056768K
  class space    used 742K, capacity 784K, committed 896K, reserved 1048576K
}

