# JRE version: Java(TM) SE Runtime Environment (8.0_111-b14) (build 1.8.0_111-b14)
# Java VM: Java HotSpot(TM) 64-Bit Server VM (25.111-b14 mixed mode windows-amd64 compressed oops)
Heap:
 PSYoungGen      total 33280K, used 12863K [0x00000000d5b00000, 0x00000000d7f80000, 0x0000000100000000)
  eden space 30208K, 42% used [0x00000000d5b00000,0x00000000d6767e50,0x00000000d7880000)
  from space 3072K, 5% used [0x00000000d7c80000,0x00000000d7ca8000,0x00000000d7f80000)
  to   space 3584K, 0% used [0x00000000d7880000,0x00000000d7880000,0x00000000d7c00000)
 ParOldGen       total 87552K, used 1916K [0x0000000081000000, 0x0000000086580000, 0x00000000d5b00000)
  object space 87552K, 2% used [0x0000000081000000,0x00000000811df120,0x0000000086580000)
 Metaspace       used 6507K, capacity 6640K, committed 6784K, reserved 1056768K
  class space    used 747K, capacity 784K, committed 896K, reserved 1048576K
GC Heap History (10 events):
Event: 33.215 GC heap before
{Heap before GC invocations=6 (full 0):
 PSYoungGen      total 34816K, used 34764K [0x00000000d5b00000, 0x00000000d8100000, 0x0000000100000000)
  eden space 32768K, 100% used [0x00000000d5b00000,0x00000000d7b00000,0x00000000d7b00000)
  from space 2048K, 97% used [0x00000000d7b80000,0x00000000d7d73040,0x00000000d7d80000)
  to   space 3072K, 0% used [0x00000000d7e00000,0x00000000d7e00000,0x00000000d8100000)
 ParOldGen       total 87552K, used 40K [0x0000000081000000, 0x0000000086580000, 0x00000000d5b00000)
  object space 87552K, 0% used [0x0000000081000000,0x000000008100a000,0x0000000086580000)
 Metaspace       used 6507K, capacity 6640K, committed 6784K, reserved 1056768K
  class space    used 747K, capacity 784K, committed 896K, reserved 1048576K
Event: 33.217 GC heap after
Heap after GC invocations=6 (full 0):
 PSYoungGen      total 34816K, used 1964K [0x00000000d5b00000, 0x00000000d8080000, 0x0000000100000000)
  eden space 32256K, 0% used [0x00000000d5b00000,0x00000000d5b00000,0x00000000d7a80000)
  from space 2560K, 76% used [0x00000000d7e00000,0x00000000d7feb040,0x00000000d8080000)
  to   space 3072K, 0% used [0x00000000d7a80000,0x00000000d7a80000,0x00000000d7d80000)
 ParOldGen       total 87552K, used 40K [0x0000000081000000, 0x0000000086580000, 0x00000000d5b00000)
  object space 87552K, 0% used [0x0000000081000000,0x000000008100a000,0x0000000086580000)
 Metaspace       used 6507K, capacity 6640K, committed 6784K, reserved 1056768K
  class space    used 747K, capacity 784K, committed 896K, reserved 1048576K
}
Event: 36.851 GC heap before
{Heap before GC invocations=7 (full 0):
 PSYoungGen      total 34816K, used 34220K [0x00000000d5b00000, 0x00000000d8080000, 0x0000000100000000)
  eden space 32256K, 100% used [0x00000000d5b00000,0x00000000d7a80000,0x00000000d7a80000)
  from space 2560K, 76% used [0x00000000d7e00000,0x00000000d7feb040,0x00000000d8080000)
  to   space 3072K, 0% used [0x00000000d7a80000,0x00000000d7a80000,0x00000000d7d80000)
 ParOldGen       total 87552K, used 40K [0x0000000081000000, 0x0000000086580000, 0x00000000d5b00000)
  object space 87552K, 0% used [0x0000000081000000,0x000000008100a000,0x0000000086580000)
 Metaspace       used 6507K, capacity 6640K, committed 6784K, reserved 1056768K
  class space    used 747K, capacity 784K, committed 896K, reserved 1048576K
Event: 36.853 GC heap after
Heap after GC invocations=7 (full 0):
 PSYoungGen      total 34816K, used 224K [0x00000000d5b00000, 0x00000000d8100000, 0x0000000100000000)
  eden space 31744K, 0% used [0x00000000d5b00000,0x00000000d5b00000,0x00000000d7a00000)
  from space 3072K, 7% used [0x00000000d7a80000,0x00000000d7ab8000,0x00000000d7d80000)
  to   space 3584K, 0% used [0x00000000d7d80000,0x00000000d7d80000,0x00000000d8100000)
 ParOldGen       total 87552K, used 1844K [0x0000000081000000, 0x0000000086580000, 0x00000000d5b00000)
  object space 87552K, 2% used [0x0000000081000000,0x00000000811cd120,0x0000000086580000)
 Metaspace       used 6507K, capacity 6640K, committed 6784K, reserved 1056768K
  class space    used 747K, capacity 784K, committed 896K, reserved 1048576K
}
Event: 40.438 GC heap before
{Heap before GC invocations=8 (full 0):
 PSYoungGen      total 34816K, used 31966K [0x00000000d5b00000, 0x00000000d8100000, 0x0000000100000000)
  eden space 31744K, 99% used [0x00000000d5b00000,0x00000000d79ffb38,0x00000000d7a00000)
  from space 3072K, 7% used [0x00000000d7a80000,0x00000000d7ab8000,0x00000000d7d80000)
  to   space 3584K, 0% used [0x00000000d7d80000,0x00000000d7d80000,0x00000000d8100000)
 ParOldGen       total 87552K, used 1844K [0x0000000081000000, 0x0000000086580000, 0x00000000d5b00000)
  object space 87552K, 2% used [0x0000000081000000,0x00000000811cd120,0x0000000086580000)
 Metaspace       used 6507K, capacity 6640K, committed 6784K, reserved 1056768K
  class space    used 747K, capacity 784K, committed 896K, reserved 1048576K
Event: 40.439 GC heap after
Heap after GC invocations=8 (full 0):
 PSYoungGen      total 34304K, used 192K [0x00000000d5b00000, 0x00000000d8080000, 0x0000000100000000)
  eden space 31232K, 0% used [0x00000000d5b00000,0x00000000d5b00000,0x00000000d7980000)
  from space 3072K, 6% used [0x00000000d7d80000,0x00000000d7db0000,0x00000000d8080000)
  to   space 3584K, 0% used [0x00000000d7980000,0x00000000d7980000,0x00000000d7d00000)
 ParOldGen       total 87552K, used 1876K [0x0000000081000000, 0x0000000086580000, 0x00000000d5b00000)
  object space 87552K, 2% used [0x0000000081000000,0x00000000811d5120,0x0000000086580000)
 Metaspace       used 6507K, capacity 6640K, committed 6784K, reserved 1056768K
  class space    used 747K, capacity 784K, committed 896K, reserved 1048576K
}
Event: 44.350 GC heap before
{Heap before GC invocations=9 (full 0):
 PSYoungGen      total 34304K, used 31424K [0x00000000d5b00000, 0x00000000d8080000, 0x0000000100000000)
  eden space 31232K, 100% used [0x00000000d5b00000,0x00000000d7980000,0x00000000d7980000)
  from space 3072K, 6% used [0x00000000d7d80000,0x00000000d7db0000,0x00000000d8080000)
  to   space 3584K, 0% used [0x00000000d7980000,0x00000000d7980000,0x00000000d7d00000)
 ParOldGen       total 87552K, used 1876K [0x0000000081000000, 0x0000000086580000, 0x00000000d5b00000)
  object space 87552K, 2% used [0x0000000081000000,0x00000000811d5120,0x0000000086580000)
 Metaspace       used 6507K, capacity 6640K, committed 6784K, reserved 1056768K
  class space    used 747K, capacity 784K, committed 896K, reserved 1048576K
Event: 44.351 GC heap after
Heap after GC invocations=9 (full 0):
 PSYoungGen      total 31232K, used 160K [0x00000000d5b00000, 0x00000000d8000000, 0x0000000100000000)
  eden space 30720K, 0% used [0x00000000d5b00000,0x00000000d5b00000,0x00000000d7900000)
  from space 512K, 31% used [0x00000000d7980000,0x00000000d79a8000,0x00000000d7a00000)
  to   space 3584K, 0% used [0x00000000d7c80000,0x00000000d7c80000,0x00000000d8000000)
 ParOldGen       total 87552K, used 1892K [0x0000000081000000, 0x0000000086580000, 0x00000000d5b00000)
  object space 87552K, 2% used [0x0000000081000000,0x00000000811d9120,0x0000000086580000)
 Metaspace       used 6507K, capacity 6640K, committed 6784K, reserved 1056768K
  class space    used 747K, capacity 784K, committed 896K, reserved 1048576K
}
Event: 49.272 GC heap before
{Heap before GC invocations=10 (full 0):
 PSYoungGen      total 31232K, used 30880K [0x00000000d5b00000, 0x00000000d8000000, 0x0000000100000000)
  eden space 30720K, 100% used [0x00000000d5b00000,0x00000000d7900000,0x00000000d7900000)
  from space 512K, 31% used [0x00000000d7980000,0x00000000d79a8000,0x00000000d7a00000)
  to   space 3584K, 0% used [0x00000000d7c80000,0x00000000d7c80000,0x00000000d8000000)
 ParOldGen       total 87552K, used 1892K [0x0000000081000000, 0x0000000086580000, 0x00000000d5b00000)
  object space 87552K, 2% used [0x0000000081000000,0x00000000811d9120,0x0000000086580000)
 Metaspace       used 6507K, capacity 6640K, committed 6784K, reserved 1056768K
  class space    used 747K, capacity 784K, committed 896K, reserved 1048576K
Event: 49.273 GC heap after
Heap after GC invocations=10 (full 0):
 PSYoungGen      total 33280K, used 160K [0x00000000d5b00000, 0x00000000d7f80000, 0x0000000100000000)
  eden space 30208K, 0% used [0x00000000d5b00000,0x00000000d5b00000,0x00000000d7880000)
  from space 3072K, 5% used [0x00000000d7c80000,0x00000000d7ca8000,0x00000000d7f80000)
  to   space 3584K, 0% used [0x00000000d7880000,0x00000000d7880000,0x00000000d7c00000)
 ParOldGen       total 87552K, used 1916K [0x0000000081000000, 0x0000000086580000, 0x00000000d5b00000)
  object space 87552K, 2% used [0x0000000081000000,0x00000000811df120,0x0000000086580000)
 Metaspace       used 6507K, capacity 6640K, committed 6784K, reserved 1056768K
  class space    used 747K, capacity 784K, committed 896K, reserved 1048576K
}

