# JRE version: Java(TM) SE Runtime Environment (8.0_111-b14) (build 1.8.0_111-b14)
# Java VM: Java HotSpot(TM) 64-Bit Server VM (25.111-b14 mixed mode windows-amd64 compressed oops)
Heap:
 PSYoungGen      total 38400K, used 29587K [0x00000000d5b00000, 0x00000000d8580000, 0x0000000100000000)
  eden space 33280K, 82% used [0x00000000d5b00000,0x00000000d75f1eb8,0x00000000d7b80000)
  from space 5120K, 38% used [0x00000000d8080000,0x00000000d8273040,0x00000000d8580000)
  to   space 5120K, 0% used [0x00000000d7b80000,0x00000000d7b80000,0x00000000d8080000)
 ParOldGen       total 87552K, used 40K [0x0000000081000000, 0x0000000086580000, 0x00000000d5b00000)
  object space 87552K, 0% used [0x0000000081000000,0x000000008100a000,0x0000000086580000)
 Metaspace       used 6487K, capacity 6576K, committed 6784K, reserved 1056768K
  class space    used 740K, capacity 784K, committed 896K, reserved 1048576K
GC Heap History (8 events):
Event: 14.533 GC heap before
{Heap before GC invocations=1 (full 0):
 PSYoungGen      total 38400K, used 33280K [0x00000000d5b00000, 0x00000000d8580000, 0x0000000100000000)
  eden space 33280K, 100% used [0x00000000d5b00000,0x00000000d7b80000,0x00000000d7b80000)
  from space 5120K, 0% used [0x00000000d8080000,0x00000000d8080000,0x00000000d8580000)
  to   space 5120K, 0% used [0x00000000d7b80000,0x00000000d7b80000,0x00000000d8080000)
 ParOldGen       total 87552K, used 0K [0x0000000081000000, 0x0000000086580000, 0x00000000d5b00000)
  object space 87552K, 0% used [0x0000000081000000,0x0000000081000000,0x0000000086580000)
 Metaspace       used 6420K, capacity 6512K, committed 6784K, reserved 1056768K
  class space    used 740K, capacity 784K, committed 896K, reserved 1048576K
Event: 14.536 GC heap after
Heap after GC invocations=1 (full 0):
 PSYoungGen      total 38400K, used 2873K [0x00000000d5b00000, 0x00000000d8580000, 0x0000000100000000)
  eden space 33280K, 0% used [0x00000000d5b00000,0x00000000d5b00000,0x00000000d7b80000)
  from space 5120K, 56% used [0x00000000d7b80000,0x00000000d7e4e548,0x00000000d8080000)
  to   space 5120K, 0% used [0x00000000d8080000,0x00000000d8080000,0x00000000d8580000)
 ParOldGen       total 87552K, used 16K [0x0000000081000000, 0x0000000086580000, 0x00000000d5b00000)
  object space 87552K, 0% used [0x0000000081000000,0x0000000081004000,0x0000000086580000)
 Metaspace       used 6420K, capacity 6512K, committed 6784K, reserved 1056768K
  class space    used 740K, capacity 784K, committed 896K, reserved 1048576K
}
Event: 19.010 GC heap before
{Heap before GC invocations=2 (full 0):
 PSYoungGen      total 38400K, used 36153K [0x00000000d5b00000, 0x00000000d8580000, 0x0000000100000000)
  eden space 33280K, 100% used [0x00000000d5b00000,0x00000000d7b80000,0x00000000d7b80000)
  from space 5120K, 56% used [0x00000000d7b80000,0x00000000d7e4e548,0x00000000d8080000)
  to   space 5120K, 0% used [0x00000000d8080000,0x00000000d8080000,0x00000000d8580000)
 ParOldGen       total 87552K, used 16K [0x0000000081000000, 0x0000000086580000, 0x00000000d5b00000)
  object space 87552K, 0% used [0x0000000081000000,0x0000000081004000,0x0000000086580000)
 Metaspace       used 6484K, capacity 6576K, committed 6784K, reserved 1056768K
  class space    used 740K, capacity 784K, committed 896K, reserved 1048576K
Event: 19.013 GC heap after
Heap after GC invocations=2 (full 0):
 PSYoungGen      total 38400K, used 1964K [0x00000000d5b00000, 0x00000000d8580000, 0x0000000100000000)
  eden space 33280K, 0% used [0x00000000d5b00000,0x00000000d5b00000,0x00000000d7b80000)
  from space 5120K, 38% used [0x00000000d8080000,0x00000000d826b040,0x00000000d8580000)
  to   space 5120K, 0% used [0x00000000d7b80000,0x00000000d7b80000,0x00000000d8080000)
 ParOldGen       total 87552K, used 24K [0x0000000081000000, 0x0000000086580000, 0x00000000d5b00000)
  object space 87552K, 0% used [0x0000000081000000,0x0000000081006000,0x0000000086580000)
 Metaspace       used 6484K, capacity 6576K, committed 6784K, reserved 1056768K
  class space    used 740K, capacity 784K, committed 896K, reserved 1048576K
}
Event: 22.726 GC heap before
{Heap before GC invocations=3 (full 0):
 PSYoungGen      total 38400K, used 35244K [0x00000000d5b00000, 0x00000000d8580000, 0x0000000100000000)
  eden space 33280K, 100% used [0x00000000d5b00000,0x00000000d7b80000,0x00000000d7b80000)
  from space 5120K, 38% used [0x00000000d8080000,0x00000000d826b040,0x00000000d8580000)
  to   space 5120K, 0% used [0x00000000d7b80000,0x00000000d7b80000,0x00000000d8080000)
 ParOldGen       total 87552K, used 24K [0x0000000081000000, 0x0000000086580000, 0x00000000d5b00000)
  object space 87552K, 0% used [0x0000000081000000,0x0000000081006000,0x0000000086580000)
 Metaspace       used 6485K, capacity 6576K, committed 6784K, reserved 1056768K
  class space    used 740K, capacity 784K, committed 896K, reserved 1048576K
Event: 22.729 GC heap after
Heap after GC invocations=3 (full 0):
 PSYoungGen      total 38400K, used 1964K [0x00000000d5b00000, 0x00000000d8580000, 0x0000000100000000)
  eden space 33280K, 0% used [0x00000000d5b00000,0x00000000d5b00000,0x00000000d7b80000)
  from space 5120K, 38% used [0x00000000d7b80000,0x00000000d7d6b060,0x00000000d8080000)
  to   space 5120K, 0% used [0x00000000d8080000,0x00000000d8080000,0x00000000d8580000)
 ParOldGen       total 87552K, used 32K [0x0000000081000000, 0x0000000086580000, 0x00000000d5b00000)
  object space 87552K, 0% used [0x0000000081000000,0x0000000081008000,0x0000000086580000)
 Metaspace       used 6485K, capacity 6576K, committed 6784K, reserved 1056768K
  class space    used 740K, capacity 784K, committed 896K, reserved 1048576K
}
Event: 26.444 GC heap before
{Heap before GC invocations=4 (full 0):
 PSYoungGen      total 38400K, used 35244K [0x00000000d5b00000, 0x00000000d8580000, 0x0000000100000000)
  eden space 33280K, 100% used [0x00000000d5b00000,0x00000000d7b80000,0x00000000d7b80000)
  from space 5120K, 38% used [0x00000000d7b80000,0x00000000d7d6b060,0x00000000d8080000)
  to   space 5120K, 0% used [0x00000000d8080000,0x00000000d8080000,0x00000000d8580000)
 ParOldGen       total 87552K, used 32K [0x0000000081000000, 0x0000000086580000, 0x00000000d5b00000)
  object space 87552K, 0% used [0x0000000081000000,0x0000000081008000,0x0000000086580000)
 Metaspace       used 6487K, capacity 6576K, committed 6784K, reserved 1056768K
  class space    used 740K, capacity 784K, committed 896K, reserved 1048576K
Event: 26.447 GC heap after
Heap after GC invocations=4 (full 0):
 PSYoungGen      total 38400K, used 1996K [0x00000000d5b00000, 0x00000000d8580000, 0x0000000100000000)
  eden space 33280K, 0% used [0x00000000d5b00000,0x00000000d5b00000,0x00000000d7b80000)
  from space 5120K, 38% used [0x00000000d8080000,0x00000000d8273040,0x00000000d8580000)
  to   space 5120K, 0% used [0x00000000d7b80000,0x00000000d7b80000,0x00000000d8080000)
 ParOldGen       total 87552K, used 40K [0x0000000081000000, 0x0000000086580000, 0x00000000d5b00000)
  object space 87552K, 0% used [0x0000000081000000,0x000000008100a000,0x0000000086580000)
 Metaspace       used 6487K, capacity 6576K, committed 6784K, reserved 1056768K
  class space    used 740K, capacity 784K, committed 896K, reserved 1048576K
}

