# JRE version: Java(TM) SE Runtime Environment (8.0_111-b14) (build 1.8.0_111-b14)
# Java VM: Java HotSpot(TM) 64-Bit Server VM (25.111-b14 mixed mode windows-amd64 compressed oops)
Heap:
 PSYoungGen      total 38400K, used 15279K [0x00000000d5b00000, 0x00000000d8580000, 0x0000000100000000)
  eden space 33280K, 39% used [0x00000000d5b00000,0x00000000d67fcf38,0x00000000d7b80000)
  from space 5120K, 38% used [0x00000000d8080000,0x00000000d826f050,0x00000000d8580000)
  to   space 5120K, 0% used [0x00000000d7b80000,0x00000000d7b80000,0x00000000d8080000)
 ParOldGen       total 87552K, used 40K [0x0000000081000000, 0x0000000086580000, 0x00000000d5b00000)
  object space 87552K, 0% used [0x0000000081000000,0x000000008100a000,0x0000000086580000)
 Metaspace       used 6489K, capacity 6576K, committed 6784K, reserved 1056768K
  class space    used 744K, capacity 784K, committed 896K, reserved 1048576K
GC Heap History (8 events):
Event: 15.312 GC heap before
{Heap before GC invocations=1 (full 0):
 PSYoungGen      total 38400K, used 33280K [0x00000000d5b00000, 0x00000000d8580000, 0x0000000100000000)
  eden space 33280K, 100% used [0x00000000d5b00000,0x00000000d7b80000,0x00000000d7b80000)
  from space 5120K, 0% used [0x00000000d8080000,0x00000000d8080000,0x00000000d8580000)
  to   space 5120K, 0% used [0x00000000d7b80000,0x00000000d7b80000,0x00000000d8080000)
 ParOldGen       total 87552K, used 0K [0x0000000081000000, 0x0000000086580000, 0x00000000d5b00000)
  object space 87552K, 0% used [0x0000000081000000,0x0000000081000000,0x0000000086580000)
 Metaspace       used 6429K, capacity 6576K, committed 6784K, reserved 1056768K
  class space    used 744K, capacity 784K, committed 896K, reserved 1048576K
Event: 15.315 GC heap after
Heap after GC invocations=1 (full 0):
 PSYoungGen      total 38400K, used 2874K [0x00000000d5b00000, 0x00000000d8580000, 0x0000000100000000)
  eden space 33280K, 0% used [0x00000000d5b00000,0x00000000d5b00000,0x00000000d7b80000)
  from space 5120K, 56% used [0x00000000d7b80000,0x00000000d7e4ebc8,0x00000000d8080000)
  to   space 5120K, 0% used [0x00000000d8080000,0x00000000d8080000,0x00000000d8580000)
 ParOldGen       total 87552K, used 16K [0x0000000081000000, 0x0000000086580000, 0x00000000d5b00000)
  object space 87552K, 0% used [0x0000000081000000,0x0000000081004000,0x0000000086580000)
 Metaspace       used 6429K, capacity 6576K, committed 6784K, reserved 1056768K
  class space    used 744K, capacity 784K, committed 896K, reserved 1048576K
}
Event: 20.167 GC heap before
{Heap before GC invocations=2 (full 0):
 PSYoungGen      total 38400K, used 36154K [0x00000000d5b00000, 0x00000000d8580000, 0x0000000100000000)
  eden space 33280K, 100% used [0x00000000d5b00000,0x00000000d7b80000,0x00000000d7b80000)
  from space 5120K, 56% used [0x00000000d7b80000,0x00000000d7e4ebc8,0x00000000d8080000)
  to   space 5120K, 0% used [0x00000000d8080000,0x00000000d8080000,0x00000000d8580000)
 ParOldGen       total 87552K, used 16K [0x0000000081000000, 0x0000000086580000, 0x00000000d5b00000)
  object space 87552K, 0% used [0x0000000081000000,0x0000000081004000,0x0000000086580000)
 Metaspace       used 6486K, capacity 6576K, committed 6784K, reserved 1056768K
  class space    used 744K, capacity 784K, committed 896K, reserved 1048576K
Event: 20.169 GC heap after
Heap after GC invocations=2 (full 0):
 PSYoungGen      total 38400K, used 1980K [0x00000000d5b00000, 0x00000000d8580000, 0x0000000100000000)
  eden space 33280K, 0% used [0x00000000d5b00000,0x00000000d5b00000,0x00000000d7b80000)
  from space 5120K, 38% used [0x00000000d8080000,0x00000000d826f050,0x00000000d8580000)
  to   space 5120K, 0% used [0x00000000d7b80000,0x00000000d7b80000,0x00000000d8080000)
 ParOldGen       total 87552K, used 24K [0x0000000081000000, 0x0000000086580000, 0x00000000d5b00000)
  object space 87552K, 0% used [0x0000000081000000,0x0000000081006000,0x0000000086580000)
 Metaspace       used 6486K, capacity 6576K, committed 6784K, reserved 1056768K
  class space    used 744K, capacity 784K, committed 896K, reserved 1048576K
}
Event: 24.399 GC heap before
{Heap before GC invocations=3 (full 0):
 PSYoungGen      total 38400K, used 35260K [0x00000000d5b00000, 0x00000000d8580000, 0x0000000100000000)
  eden space 33280K, 100% used [0x00000000d5b00000,0x00000000d7b80000,0x00000000d7b80000)
  from space 5120K, 38% used [0x00000000d8080000,0x00000000d826f050,0x00000000d8580000)
  to   space 5120K, 0% used [0x00000000d7b80000,0x00000000d7b80000,0x00000000d8080000)
 ParOldGen       total 87552K, used 24K [0x0000000081000000, 0x0000000086580000, 0x00000000d5b00000)
  object space 87552K, 0% used [0x0000000081000000,0x0000000081006000,0x0000000086580000)
 Metaspace       used 6488K, capacity 6576K, committed 6784K, reserved 1056768K
  class space    used 744K, capacity 784K, committed 896K, reserved 1048576K
Event: 24.401 GC heap after
Heap after GC invocations=3 (full 0):
 PSYoungGen      total 38400K, used 1980K [0x00000000d5b00000, 0x00000000d8580000, 0x0000000100000000)
  eden space 33280K, 0% used [0x00000000d5b00000,0x00000000d5b00000,0x00000000d7b80000)
  from space 5120K, 38% used [0x00000000d7b80000,0x00000000d7d6f050,0x00000000d8080000)
  to   space 5120K, 0% used [0x00000000d8080000,0x00000000d8080000,0x00000000d8580000)
 ParOldGen       total 87552K, used 32K [0x0000000081000000, 0x0000000086580000, 0x00000000d5b00000)
  object space 87552K, 0% used [0x0000000081000000,0x0000000081008000,0x0000000086580000)
 Metaspace       used 6488K, capacity 6576K, committed 6784K, reserved 1056768K
  class space    used 744K, capacity 784K, committed 896K, reserved 1048576K
}
Event: 29.166 GC heap before
{Heap before GC invocations=4 (full 0):
 PSYoungGen      total 38400K, used 35260K [0x00000000d5b00000, 0x00000000d8580000, 0x0000000100000000)
  eden space 33280K, 100% used [0x00000000d5b00000,0x00000000d7b80000,0x00000000d7b80000)
  from space 5120K, 38% used [0x00000000d7b80000,0x00000000d7d6f050,0x00000000d8080000)
  to   space 5120K, 0% used [0x00000000d8080000,0x00000000d8080000,0x00000000d8580000)
 ParOldGen       total 87552K, used 32K [0x0000000081000000, 0x0000000086580000, 0x00000000d5b00000)
  object space 87552K, 0% used [0x0000000081000000,0x0000000081008000,0x0000000086580000)
 Metaspace       used 6489K, capacity 6576K, committed 6784K, reserved 1056768K
  class space    used 744K, capacity 784K, committed 896K, reserved 1048576K
Event: 29.169 GC heap after
Heap after GC invocations=4 (full 0):
 PSYoungGen      total 38400K, used 1980K [0x00000000d5b00000, 0x00000000d8580000, 0x0000000100000000)
  eden space 33280K, 0% used [0x00000000d5b00000,0x00000000d5b00000,0x00000000d7b80000)
  from space 5120K, 38% used [0x00000000d8080000,0x00000000d826f050,0x00000000d8580000)
  to   space 5120K, 0% used [0x00000000d7b80000,0x00000000d7b80000,0x00000000d8080000)
 ParOldGen       total 87552K, used 40K [0x0000000081000000, 0x0000000086580000, 0x00000000d5b00000)
  object space 87552K, 0% used [0x0000000081000000,0x000000008100a000,0x0000000086580000)
 Metaspace       used 6489K, capacity 6576K, committed 6784K, reserved 1056768K
  class space    used 744K, capacity 784K, committed 896K, reserved 1048576K
}

